{"/Users/ganeshmani/Desktop/learning-projects/nodejs-deployment-strategies/server.js": {"path":"/Users/ganeshmani/Desktop/learning-projects/nodejs-deployment-strategies/server.js","statementMap":{"0":{"start":{"line":1,"column":16},"end":{"line":1,"column":34}},"1":{"start":{"line":2,"column":19},"end":{"line":2,"column":41}},"2":{"start":{"line":3,"column":13},"end":{"line":3,"column":28}},"3":{"start":{"line":4,"column":12},"end":{"line":4,"column":21}},"4":{"start":{"line":6,"column":0},"end":{"line":6,"column":26}},"5":{"start":{"line":8,"column":0},"end":{"line":8,"column":16}},"6":{"start":{"line":11,"column":0},"end":{"line":11,"column":27}},"7":{"start":{"line":14,"column":0},"end":{"line":14,"column":51}},"8":{"start":{"line":16,"column":0},"end":{"line":18,"column":3}},"9":{"start":{"line":17,"column":2},"end":{"line":17,"column":16}},"10":{"start":{"line":20,"column":0},"end":{"line":20,"column":41}},"11":{"start":{"line":22,"column":0},"end":{"line":22,"column":20}}},"fnMap":{"0":{"name":"(anonymous_0)","decl":{"start":{"line":16,"column":19},"end":{"line":16,"column":20}},"loc":{"start":{"line":16,"column":33},"end":{"line":18,"column":1}},"line":16}},"branchMap":{},"s":{"0":1,"1":1,"2":1,"3":1,"4":1,"5":1,"6":1,"7":1,"8":1,"9":0,"10":1,"11":1},"f":{"0":0},"b":{},"_coverageSchema":"1a1c01bbd47fc00a2c39e90264f33305004495a9","hash":"ee313fc73e269f090edafd386eea0acd68ad8c58"}
,"/Users/ganeshmani/Desktop/learning-projects/nodejs-deployment-strategies/app/controllers/todo.controller.js": {"path":"/Users/ganeshmani/Desktop/learning-projects/nodejs-deployment-strategies/app/controllers/todo.controller.js","statementMap":{"0":{"start":{"line":1,"column":11},"end":{"line":1,"column":31}},"1":{"start":{"line":2,"column":13},"end":{"line":2,"column":20}},"2":{"start":{"line":3,"column":0},"end":{"line":3,"column":24}},"3":{"start":{"line":4,"column":11},"end":{"line":4,"column":26}},"4":{"start":{"line":7,"column":0},"end":{"line":34,"column":2}},"5":{"start":{"line":9,"column":2},"end":{"line":14,"column":3}},"6":{"start":{"line":10,"column":4},"end":{"line":12,"column":7}},"7":{"start":{"line":13,"column":4},"end":{"line":13,"column":11}},"8":{"start":{"line":17,"column":15},"end":{"line":21,"column":3}},"9":{"start":{"line":24,"column":2},"end":{"line":33,"column":7}},"10":{"start":{"line":26,"column":6},"end":{"line":26,"column":21}},"11":{"start":{"line":29,"column":6},"end":{"line":32,"column":9}},"12":{"start":{"line":37,"column":0},"end":{"line":51,"column":2}},"13":{"start":{"line":38,"column":16},"end":{"line":38,"column":31}},"14":{"start":{"line":39,"column":18},"end":{"line":39,"column":72}},"15":{"start":{"line":41,"column":2},"end":{"line":50,"column":7}},"16":{"start":{"line":43,"column":6},"end":{"line":43,"column":21}},"17":{"start":{"line":46,"column":6},"end":{"line":49,"column":9}},"18":{"start":{"line":54,"column":0},"end":{"line":66,"column":2}},"19":{"start":{"line":55,"column":13},"end":{"line":55,"column":26}},"20":{"start":{"line":57,"column":2},"end":{"line":65,"column":7}},"21":{"start":{"line":59,"column":6},"end":{"line":59,"column":21}},"22":{"start":{"line":62,"column":6},"end":{"line":64,"column":9}},"23":{"start":{"line":69,"column":0},"end":{"line":91,"column":2}},"24":{"start":{"line":70,"column":13},"end":{"line":70,"column":26}},"25":{"start":{"line":72,"column":2},"end":{"line":90,"column":7}},"26":{"start":{"line":76,"column":6},"end":{"line":84,"column":7}},"27":{"start":{"line":77,"column":8},"end":{"line":79,"column":11}},"28":{"start":{"line":81,"column":8},"end":{"line":83,"column":11}},"29":{"start":{"line":87,"column":6},"end":{"line":89,"column":9}},"30":{"start":{"line":94,"column":0},"end":{"line":116,"column":2}},"31":{"start":{"line":95,"column":13},"end":{"line":95,"column":26}},"32":{"start":{"line":97,"column":2},"end":{"line":115,"column":7}},"33":{"start":{"line":101,"column":6},"end":{"line":109,"column":7}},"34":{"start":{"line":102,"column":8},"end":{"line":104,"column":11}},"35":{"start":{"line":106,"column":8},"end":{"line":108,"column":11}},"36":{"start":{"line":112,"column":6},"end":{"line":114,"column":9}},"37":{"start":{"line":119,"column":0},"end":{"line":133,"column":2}},"38":{"start":{"line":120,"column":2},"end":{"line":132,"column":7}},"39":{"start":{"line":125,"column":6},"end":{"line":125,"column":71}},"40":{"start":{"line":128,"column":6},"end":{"line":131,"column":9}},"41":{"start":{"line":136,"column":0},"end":{"line":147,"column":2}},"42":{"start":{"line":137,"column":2},"end":{"line":146,"column":7}},"43":{"start":{"line":139,"column":6},"end":{"line":139,"column":21}},"44":{"start":{"line":142,"column":6},"end":{"line":145,"column":9}}},"fnMap":{"0":{"name":"(anonymous_0)","decl":{"start":{"line":7,"column":17},"end":{"line":7,"column":18}},"loc":{"start":{"line":7,"column":31},"end":{"line":34,"column":1}},"line":7},"1":{"name":"(anonymous_1)","decl":{"start":{"line":25,"column":10},"end":{"line":25,"column":11}},"loc":{"start":{"line":25,"column":18},"end":{"line":27,"column":5}},"line":25},"2":{"name":"(anonymous_2)","decl":{"start":{"line":28,"column":11},"end":{"line":28,"column":12}},"loc":{"start":{"line":28,"column":18},"end":{"line":33,"column":5}},"line":28},"3":{"name":"(anonymous_3)","decl":{"start":{"line":37,"column":18},"end":{"line":37,"column":19}},"loc":{"start":{"line":37,"column":32},"end":{"line":51,"column":1}},"line":37},"4":{"name":"(anonymous_4)","decl":{"start":{"line":42,"column":10},"end":{"line":42,"column":11}},"loc":{"start":{"line":42,"column":18},"end":{"line":44,"column":5}},"line":42},"5":{"name":"(anonymous_5)","decl":{"start":{"line":45,"column":11},"end":{"line":45,"column":12}},"loc":{"start":{"line":45,"column":18},"end":{"line":50,"column":5}},"line":45},"6":{"name":"(anonymous_6)","decl":{"start":{"line":54,"column":18},"end":{"line":54,"column":19}},"loc":{"start":{"line":54,"column":32},"end":{"line":66,"column":1}},"line":54},"7":{"name":"(anonymous_7)","decl":{"start":{"line":58,"column":10},"end":{"line":58,"column":11}},"loc":{"start":{"line":58,"column":18},"end":{"line":60,"column":5}},"line":58},"8":{"name":"(anonymous_8)","decl":{"start":{"line":61,"column":11},"end":{"line":61,"column":12}},"loc":{"start":{"line":61,"column":18},"end":{"line":65,"column":5}},"line":61},"9":{"name":"(anonymous_9)","decl":{"start":{"line":69,"column":17},"end":{"line":69,"column":18}},"loc":{"start":{"line":69,"column":31},"end":{"line":91,"column":1}},"line":69},"10":{"name":"(anonymous_10)","decl":{"start":{"line":75,"column":10},"end":{"line":75,"column":11}},"loc":{"start":{"line":75,"column":17},"end":{"line":85,"column":5}},"line":75},"11":{"name":"(anonymous_11)","decl":{"start":{"line":86,"column":11},"end":{"line":86,"column":12}},"loc":{"start":{"line":86,"column":18},"end":{"line":90,"column":5}},"line":86},"12":{"name":"(anonymous_12)","decl":{"start":{"line":94,"column":17},"end":{"line":94,"column":18}},"loc":{"start":{"line":94,"column":31},"end":{"line":116,"column":1}},"line":94},"13":{"name":"(anonymous_13)","decl":{"start":{"line":100,"column":10},"end":{"line":100,"column":11}},"loc":{"start":{"line":100,"column":17},"end":{"line":110,"column":5}},"line":100},"14":{"name":"(anonymous_14)","decl":{"start":{"line":111,"column":11},"end":{"line":111,"column":12}},"loc":{"start":{"line":111,"column":18},"end":{"line":115,"column":5}},"line":111},"15":{"name":"(anonymous_15)","decl":{"start":{"line":119,"column":20},"end":{"line":119,"column":21}},"loc":{"start":{"line":119,"column":34},"end":{"line":133,"column":1}},"line":119},"16":{"name":"(anonymous_16)","decl":{"start":{"line":124,"column":10},"end":{"line":124,"column":11}},"loc":{"start":{"line":124,"column":18},"end":{"line":126,"column":5}},"line":124},"17":{"name":"(anonymous_17)","decl":{"start":{"line":127,"column":11},"end":{"line":127,"column":12}},"loc":{"start":{"line":127,"column":18},"end":{"line":132,"column":5}},"line":127},"18":{"name":"(anonymous_18)","decl":{"start":{"line":136,"column":27},"end":{"line":136,"column":28}},"loc":{"start":{"line":136,"column":41},"end":{"line":147,"column":1}},"line":136},"19":{"name":"(anonymous_19)","decl":{"start":{"line":138,"column":10},"end":{"line":138,"column":11}},"loc":{"start":{"line":138,"column":18},"end":{"line":140,"column":5}},"line":138},"20":{"name":"(anonymous_20)","decl":{"start":{"line":141,"column":11},"end":{"line":141,"column":12}},"loc":{"start":{"line":141,"column":18},"end":{"line":146,"column":5}},"line":141}},"branchMap":{"0":{"loc":{"start":{"line":9,"column":2},"end":{"line":14,"column":3}},"type":"if","locations":[{"start":{"line":9,"column":2},"end":{"line":14,"column":3}},{"start":{"line":9,"column":2},"end":{"line":14,"column":3}}],"line":9},"1":{"loc":{"start":{"line":20,"column":15},"end":{"line":20,"column":62}},"type":"cond-expr","locations":[{"start":{"line":20,"column":36},"end":{"line":20,"column":54}},{"start":{"line":20,"column":57},"end":{"line":20,"column":62}}],"line":20},"2":{"loc":{"start":{"line":31,"column":10},"end":{"line":31,"column":76}},"type":"binary-expr","locations":[{"start":{"line":31,"column":10},"end":{"line":31,"column":21}},{"start":{"line":31,"column":25},"end":{"line":31,"column":76}}],"line":31},"3":{"loc":{"start":{"line":39,"column":18},"end":{"line":39,"column":72}},"type":"cond-expr","locations":[{"start":{"line":39,"column":26},"end":{"line":39,"column":65}},{"start":{"line":39,"column":68},"end":{"line":39,"column":72}}],"line":39},"4":{"loc":{"start":{"line":48,"column":10},"end":{"line":48,"column":71}},"type":"binary-expr","locations":[{"start":{"line":48,"column":10},"end":{"line":48,"column":21}},{"start":{"line":48,"column":25},"end":{"line":48,"column":71}}],"line":48},"5":{"loc":{"start":{"line":76,"column":6},"end":{"line":84,"column":7}},"type":"if","locations":[{"start":{"line":76,"column":6},"end":{"line":84,"column":7}},{"start":{"line":76,"column":6},"end":{"line":84,"column":7}}],"line":76},"6":{"loc":{"start":{"line":101,"column":6},"end":{"line":109,"column":7}},"type":"if","locations":[{"start":{"line":101,"column":6},"end":{"line":109,"column":7}},{"start":{"line":101,"column":6},"end":{"line":109,"column":7}}],"line":101},"7":{"loc":{"start":{"line":130,"column":10},"end":{"line":130,"column":71}},"type":"binary-expr","locations":[{"start":{"line":130,"column":10},"end":{"line":130,"column":21}},{"start":{"line":130,"column":25},"end":{"line":130,"column":71}}],"line":130},"8":{"loc":{"start":{"line":144,"column":10},"end":{"line":144,"column":69}},"type":"binary-expr","locations":[{"start":{"line":144,"column":10},"end":{"line":144,"column":21}},{"start":{"line":144,"column":25},"end":{"line":144,"column":69}}],"line":144}},"s":{"0":1,"1":1,"2":1,"3":1,"4":1,"5":3,"6":0,"7":0,"8":3,"9":3,"10":3,"11":0,"12":1,"13":2,"14":2,"15":2,"16":2,"17":0,"18":1,"19":0,"20":0,"21":0,"22":0,"23":1,"24":1,"25":1,"26":1,"27":1,"28":0,"29":0,"30":1,"31":0,"32":0,"33":0,"34":0,"35":0,"36":0,"37":1,"38":0,"39":0,"40":0,"41":1,"42":0,"43":0,"44":0},"f":{"0":3,"1":3,"2":0,"3":2,"4":2,"5":0,"6":0,"7":0,"8":0,"9":1,"10":1,"11":0,"12":0,"13":0,"14":0,"15":0,"16":0,"17":0,"18":0,"19":0,"20":0},"b":{"0":[0,3],"1":[3,0],"2":[0,0],"3":[0,2],"4":[0,0],"5":[1,0],"6":[0,0],"7":[0,0],"8":[0,0]},"_coverageSchema":"1a1c01bbd47fc00a2c39e90264f33305004495a9","hash":"15cab5b76e1487e97d41316e55417517b08b1076"}
,"/Users/ganeshmani/Desktop/learning-projects/nodejs-deployment-strategies/app/models/index.js": {"path":"/Users/ganeshmani/Desktop/learning-projects/nodejs-deployment-strategies/app/models/index.js","statementMap":{"0":{"start":{"line":1,"column":11},"end":{"line":1,"column":24}},"1":{"start":{"line":2,"column":13},"end":{"line":2,"column":28}},"2":{"start":{"line":3,"column":18},"end":{"line":3,"column":38}},"3":{"start":{"line":4,"column":17},"end":{"line":4,"column":42}},"4":{"start":{"line":5,"column":12},"end":{"line":5,"column":49}},"5":{"start":{"line":7,"column":13},"end":{"line":7,"column":15}},"6":{"start":{"line":8,"column":0},"end":{"line":8,"column":56}},"7":{"start":{"line":9,"column":0},"end":{"line":14,"column":1}},"8":{"start":{"line":10,"column":3},"end":{"line":10,"column":99}},"9":{"start":{"line":13,"column":3},"end":{"line":13,"column":93}},"10":{"start":{"line":15,"column":0},"end":{"line":15,"column":28}},"11":{"start":{"line":16,"column":18},"end":{"line":16,"column":39}},"12":{"start":{"line":17,"column":11},"end":{"line":17,"column":13}},"13":{"start":{"line":19,"column":0},"end":{"line":32,"column":5}},"14":{"start":{"line":22,"column":4},"end":{"line":26,"column":6}},"15":{"start":{"line":29,"column":18},"end":{"line":29,"column":75}},"16":{"start":{"line":30,"column":4},"end":{"line":30,"column":30}},"17":{"start":{"line":31,"column":4},"end":{"line":31,"column":27}},"18":{"start":{"line":34,"column":0},"end":{"line":38,"column":3}},"19":{"start":{"line":35,"column":2},"end":{"line":37,"column":3}},"20":{"start":{"line":36,"column":4},"end":{"line":36,"column":32}},"21":{"start":{"line":41,"column":0},"end":{"line":41,"column":25}},"22":{"start":{"line":42,"column":0},"end":{"line":42,"column":25}},"23":{"start":{"line":45,"column":0},"end":{"line":45,"column":20}}},"fnMap":{"0":{"name":"(anonymous_0)","decl":{"start":{"line":20,"column":10},"end":{"line":20,"column":11}},"loc":{"start":{"line":20,"column":20},"end":{"line":27,"column":3}},"line":20},"1":{"name":"(anonymous_1)","decl":{"start":{"line":28,"column":11},"end":{"line":28,"column":12}},"loc":{"start":{"line":28,"column":21},"end":{"line":32,"column":3}},"line":28},"2":{"name":"(anonymous_2)","decl":{"start":{"line":34,"column":24},"end":{"line":34,"column":25}},"loc":{"start":{"line":34,"column":39},"end":{"line":38,"column":1}},"line":34}},"branchMap":{"0":{"loc":{"start":{"line":5,"column":12},"end":{"line":5,"column":49}},"type":"binary-expr","locations":[{"start":{"line":5,"column":12},"end":{"line":5,"column":32}},{"start":{"line":5,"column":36},"end":{"line":5,"column":49}}],"line":5},"1":{"loc":{"start":{"line":9,"column":0},"end":{"line":14,"column":1}},"type":"if","locations":[{"start":{"line":9,"column":0},"end":{"line":14,"column":1}},{"start":{"line":9,"column":0},"end":{"line":14,"column":1}}],"line":9},"2":{"loc":{"start":{"line":10,"column":12},"end":{"line":10,"column":99}},"type":"binary-expr","locations":[{"start":{"line":10,"column":12},"end":{"line":10,"column":41}},{"start":{"line":10,"column":45},"end":{"line":10,"column":99}}],"line":10},"3":{"loc":{"start":{"line":13,"column":12},"end":{"line":13,"column":93}},"type":"binary-expr","locations":[{"start":{"line":13,"column":12},"end":{"line":13,"column":36}},{"start":{"line":13,"column":40},"end":{"line":13,"column":93}}],"line":13},"4":{"loc":{"start":{"line":23,"column":6},"end":{"line":25,"column":82}},"type":"binary-expr","locations":[{"start":{"line":23,"column":6},"end":{"line":23,"column":29}},{"start":{"line":24,"column":6},"end":{"line":24,"column":23}},{"start":{"line":25,"column":7},"end":{"line":25,"column":81}}],"line":23},"5":{"loc":{"start":{"line":25,"column":7},"end":{"line":25,"column":81}},"type":"cond-expr","locations":[{"start":{"line":25,"column":30},"end":{"line":25,"column":54}},{"start":{"line":25,"column":57},"end":{"line":25,"column":81}}],"line":25},"6":{"loc":{"start":{"line":35,"column":2},"end":{"line":37,"column":3}},"type":"if","locations":[{"start":{"line":35,"column":2},"end":{"line":37,"column":3}},{"start":{"line":35,"column":2},"end":{"line":37,"column":3}}],"line":35}},"s":{"0":1,"1":1,"2":1,"3":1,"4":1,"5":1,"6":1,"7":1,"8":1,"9":0,"10":1,"11":1,"12":1,"13":1,"14":2,"15":1,"16":1,"17":1,"18":1,"19":1,"20":0,"21":1,"22":1,"23":1},"f":{"0":2,"1":1,"2":1},"b":{"0":[1,0],"1":[1,0],"2":[1,1],"3":[0,0],"4":[2,2,1],"5":[0,1],"6":[0,1]},"_coverageSchema":"1a1c01bbd47fc00a2c39e90264f33305004495a9","hash":"44a29960b7e4a17a3824c79059baef761607ab1e"}
,"/Users/ganeshmani/Desktop/learning-projects/nodejs-deployment-strategies/app/models/todo.js": {"path":"/Users/ganeshmani/Desktop/learning-projects/nodejs-deployment-strategies/app/models/todo.js","statementMap":{"0":{"start":{"line":2,"column":0},"end":{"line":16,"column":2}},"1":{"start":{"line":3,"column":15},"end":{"line":13,"column":4}},"2":{"start":{"line":15,"column":2},"end":{"line":15,"column":14}}},"fnMap":{"0":{"name":"(anonymous_0)","decl":{"start":{"line":2,"column":17},"end":{"line":2,"column":18}},"loc":{"start":{"line":2,"column":42},"end":{"line":16,"column":1}},"line":2}},"branchMap":{},"s":{"0":1,"1":1,"2":1},"f":{"0":1},"b":{},"_coverageSchema":"1a1c01bbd47fc00a2c39e90264f33305004495a9","hash":"ed7153233d6e7d3a8d91d4e55b12510fa88a4d6b"}
,"/Users/ganeshmani/Desktop/learning-projects/nodejs-deployment-strategies/app/routes/todo.routes.js": {"path":"/Users/ganeshmani/Desktop/learning-projects/nodejs-deployment-strategies/app/routes/todo.routes.js","statementMap":{"0":{"start":{"line":1,"column":0},"end":{"line":28,"column":2}},"1":{"start":{"line":2,"column":16},"end":{"line":2,"column":57}},"2":{"start":{"line":4,"column":15},"end":{"line":4,"column":42}},"3":{"start":{"line":7,"column":2},"end":{"line":7,"column":33}},"4":{"start":{"line":10,"column":2},"end":{"line":10,"column":33}},"5":{"start":{"line":13,"column":2},"end":{"line":13,"column":51}},"6":{"start":{"line":16,"column":2},"end":{"line":16,"column":36}},"7":{"start":{"line":19,"column":2},"end":{"line":19,"column":35}},"8":{"start":{"line":22,"column":2},"end":{"line":22,"column":38}},"9":{"start":{"line":25,"column":2},"end":{"line":25,"column":38}},"10":{"start":{"line":27,"column":2},"end":{"line":27,"column":32}}},"fnMap":{"0":{"name":"(anonymous_0)","decl":{"start":{"line":1,"column":17},"end":{"line":1,"column":18}},"loc":{"start":{"line":1,"column":24},"end":{"line":28,"column":1}},"line":1}},"branchMap":{},"s":{"0":1,"1":1,"2":1,"3":1,"4":1,"5":1,"6":1,"7":1,"8":1,"9":1,"10":1},"f":{"0":1},"b":{},"_coverageSchema":"1a1c01bbd47fc00a2c39e90264f33305004495a9","hash":"abdb5b8a4f871e68a83112d96f1ce56a845246e3"}
}
