TN:
SF:server.js
FN:16,(anonymous_0)
FNF:1
FNH:0
FNDA:0,(anonymous_0)
DA:1,1
DA:2,1
DA:3,1
DA:4,1
DA:6,1
DA:8,1
DA:11,1
DA:14,1
DA:16,1
DA:17,0
DA:20,1
DA:22,1
LF:12
LH:11
BRF:0
BRH:0
end_of_record
TN:
SF:app/controllers/todo.controller.js
FN:7,(anonymous_0)
FN:25,(anonymous_1)
FN:28,(anonymous_2)
FN:37,(anonymous_3)
FN:42,(anonymous_4)
FN:45,(anonymous_5)
FN:54,(anonymous_6)
FN:58,(anonymous_7)
FN:61,(anonymous_8)
FN:69,(anonymous_9)
FN:75,(anonymous_10)
FN:86,(anonymous_11)
FN:94,(anonymous_12)
FN:100,(anonymous_13)
FN:111,(anonymous_14)
FN:119,(anonymous_15)
FN:124,(anonymous_16)
FN:127,(anonymous_17)
FN:136,(anonymous_18)
FN:138,(anonymous_19)
FN:141,(anonymous_20)
FNF:21
FNH:6
FNDA:3,(anonymous_0)
FNDA:3,(anonymous_1)
FNDA:0,(anonymous_2)
FNDA:2,(anonymous_3)
FNDA:2,(anonymous_4)
FNDA:0,(anonymous_5)
FNDA:0,(anonymous_6)
FNDA:0,(anonymous_7)
FNDA:0,(anonymous_8)
FNDA:1,(anonymous_9)
FNDA:1,(anonymous_10)
FNDA:0,(anonymous_11)
FNDA:0,(anonymous_12)
FNDA:0,(anonymous_13)
FNDA:0,(anonymous_14)
FNDA:0,(anonymous_15)
FNDA:0,(anonymous_16)
FNDA:0,(anonymous_17)
FNDA:0,(anonymous_18)
FNDA:0,(anonymous_19)
FNDA:0,(anonymous_20)
DA:1,1
DA:2,1
DA:3,1
DA:4,1
DA:7,1
DA:9,3
DA:10,0
DA:13,0
DA:17,3
DA:24,3
DA:26,3
DA:29,0
DA:37,1
DA:38,2
DA:39,2
DA:41,2
DA:43,2
DA:46,0
DA:54,1
DA:55,0
DA:57,0
DA:59,0
DA:62,0
DA:69,1
DA:70,1
DA:72,1
DA:76,1
DA:77,1
DA:81,0
DA:87,0
DA:94,1
DA:95,0
DA:97,0
DA:101,0
DA:102,0
DA:106,0
DA:112,0
DA:119,1
DA:120,0
DA:125,0
DA:128,0
DA:136,1
DA:137,0
DA:139,0
DA:142,0
LF:45
LH:23
BRDA:9,0,0,0
BRDA:9,0,1,3
BRDA:20,1,0,3
BRDA:20,1,1,0
BRDA:31,2,0,0
BRDA:31,2,1,0
BRDA:39,3,0,0
BRDA:39,3,1,2
BRDA:48,4,0,0
BRDA:48,4,1,0
BRDA:76,5,0,1
BRDA:76,5,1,0
BRDA:101,6,0,0
BRDA:101,6,1,0
BRDA:130,7,0,0
BRDA:130,7,1,0
BRDA:144,8,0,0
BRDA:144,8,1,0
BRF:18
BRH:4
end_of_record
TN:
SF:app/models/index.js
FN:20,(anonymous_0)
FN:28,(anonymous_1)
FN:34,(anonymous_2)
FNF:3
FNH:3
FNDA:2,(anonymous_0)
FNDA:1,(anonymous_1)
FNDA:1,(anonymous_2)
DA:1,1
DA:2,1
DA:3,1
DA:4,1
DA:5,1
DA:7,1
DA:8,1
DA:9,1
DA:10,1
DA:13,0
DA:15,1
DA:16,1
DA:17,1
DA:19,1
DA:22,2
DA:29,1
DA:30,1
DA:31,1
DA:34,1
DA:35,1
DA:36,0
DA:41,1
DA:42,1
DA:45,1
LF:24
LH:22
BRDA:5,0,0,1
BRDA:5,0,1,0
BRDA:9,1,0,1
BRDA:9,1,1,0
BRDA:10,2,0,1
BRDA:10,2,1,1
BRDA:13,3,0,0
BRDA:13,3,1,0
BRDA:23,4,0,2
BRDA:23,4,1,2
BRDA:23,4,2,1
BRDA:25,5,0,0
BRDA:25,5,1,1
BRDA:35,6,0,0
BRDA:35,6,1,1
BRF:15
BRH:9
end_of_record
TN:
SF:app/models/todo.js
FN:2,(anonymous_0)
FNF:1
FNH:1
FNDA:1,(anonymous_0)
DA:2,1
DA:3,1
DA:15,1
LF:3
LH:3
BRF:0
BRH:0
end_of_record
TN:
SF:app/routes/todo.routes.js
FN:1,(anonymous_0)
FNF:1
FNH:1
FNDA:1,(anonymous_0)
DA:1,1
DA:2,1
DA:4,1
DA:7,1
DA:10,1
DA:13,1
DA:16,1
DA:19,1
DA:22,1
DA:25,1
DA:27,1
LF:11
LH:11
BRF:0
BRH:0
end_of_record
